<?xml version="1.0" encoding="UTF-8"?>
<!-- Generated by org.testng.reporters.JUnitReportReporter -->
<testsuite hostname="DESKTOP-2907FEM" failures="0" tests="2" name="tests.SearchPageTests" time="18.324" errors="0" timestamp="2021-07-11T11:59:03 PDT" skipped="0">
  <testcase classname="tests.SearchPageTests" name="searchForProductLoggedOutBadResult" time="8.317"/>
  <system-out>
    <![CDATA[Starting chrome driver
<br>
Getting URL : https://gopuff.com/shop
<br>
Waiting for element with ID : product-search
<br>
Found element with ID : product-search
<br>
Sending text !@!)#(!@# to element : product-search by ID
<br>
Waiting for element with ID : product-search
<br>
Found element with ID : product-search
<br>
Locating element : product-search by ID
<br>
Elelment found
<br>
Waiting for element with ID : product-search
<br>
Found element with ID : product-search
<br>
Locating element : product-search by ID
<br>
Elelment found
<br>
Clicking element by ID : product-search
<br>
Element clicked
<br>
Text sent
<br>
Looking for element with class : gp-search-landing__not-found
<br>
Elements found
<br>]]>
  </system-out>
  <testcase classname="tests.SearchPageTests" name="searchForProductLoggedOut" time="10.007"/>
  <system-out>
    <![CDATA[Starting chrome driver
<br>
Getting URL : https://gopuff.com/shop
<br>
Waiting for element with ID : product-search
<br>
Found element with ID : product-search
<br>
Sending text hotdog to element : product-search by ID
<br>
Waiting for element with ID : product-search
<br>
Found element with ID : product-search
<br>
Locating element : product-search by ID
<br>
Elelment found
<br>
Waiting for element with ID : product-search
<br>
Found element with ID : product-search
<br>
Locating element : product-search by ID
<br>
Elelment found
<br>
Clicking element by ID : product-search
<br>
Element clicked
<br>
Text sent
<br>
Looking for all elements with class : gp-product-tile__image
<br>
Elements found
<br>
Checking search results
<br>
Looking for sub elements with tag : img
<br>
Looing for : Hostess Hot Dog Buns 8ct
<br>
Looking for sub elements with tag : img
<br>
Looing for : Ball Park All Beef Hot Dogs 8pk
<br>
Looking for sub elements with tag : img
<br>
Looing for : Ball Park Hot Dog Rolls 13oz Bag
<br>
Looking for sub elements with tag : img
<br>
Looing for : Bagel Bites Mini Bagel Dogs 14oz
<br>
Looking for sub elements with tag : img
<br>
Looing for : Nathan's Famous Frozen Premium Beef Hot Dog in Bun 3.5oz Single Serve
<br>
Looking for sub elements with tag : img
<br>
Looing for : Bimbo Hot Dog Buns 8ct
<br>
Looking for sub elements with tag : img
<br>
Looing for : Nathan's Famous Jumbo Beef Hot Dog in Bun 4.15oz
<br>]]>
  </system-out>
</testsuite> <!-- tests.SearchPageTests -->
